program - Programa
nome1 - Identificador
; - Ponto e virgula
{ - Chaves
exemplo - Identificador
1 - Inteiro
} - Chaves
var - Variavel
a - Identificador
, - Virgula
a1 - Identificador
, - Virgula
b - Identificador
: - Dois pontos
integer - Tipo de variavel
; - Ponto e virgula
begin - Begin
read - Comando
( - Parenteses
a - Identificador
) - Parenteses
; - Ponto e virgula
a1 - Identificador
: - Dois pontos
= - Atribuicao
a1 - Identificador
* - Operador de multiplicacao
2 - Inteiro
; - Ponto e virgula
while - Comando
( - Parenteses
a1 - Identificador
> - Relacao
0 - Inteiro
) - Parenteses
do - Identificador
begin - Begin
write - Comando
( - Parenteses
a1 - Identificador
) - Parenteses
; - Ponto e virgula
a1 - Identificador
: - Dois pontos
= - Atribuicao
a1 - Identificador
- - Operador unario
1 - Inteiro
; - Ponto e virgula
end - End
; - Ponto e virgula
for - Identificador
b - Identificador
: - Dois pontos
= - Atribuicao
1 - Inteiro
to - Identificador
10 - Inteiro
do - Identificador
begin - Begin
b - Identificador
: - Dois pontos
= - Atribuicao
b - Identificador
+ - Operador unario
2 - Inteiro
; - Ponto e virgula
a - Identificador
: - Dois pontos
= - Atribuicao
a - Identificador
- - Operador unario
1 - Inteiro
; - Ponto e virgula
end - End
; - Ponto e virgula
if - Comando
a - Identificador
<> - Relacao
b - Identificador
then - Identificador
write - Comando
( - Parenteses
a - Identificador
) - Parenteses
; - Ponto e virgula
end - End
. - ERRO! Caractere nao pertence a linguagem
