program - Programa
nome2 - Identificador
; - Ponto e virgula
{ - Chaves
exemplo - Identificador
2 - Inteiro
} - Chaves
var - Variavel
a - Identificador
: - Dois pontos
real - Tipo de variavel
; - Ponto e virgula
var - Variavel
b - Identificador
: - Dois pontos
integer - Tipo de variavel
; - Ponto e virgula
procedure - procedure
nomep - Identificador
( - Parenteses
x - Identificador
: - Dois pontos
real - Tipo de variavel
) - Parenteses
; - Ponto e virgula
var - Variavel
a - Identificador
, - Virgula
c - Identificador
: - Dois pontos
integer - Tipo de variavel
; - Ponto e virgula
begin - Begin
read - Comando
( - Parenteses
c - Identificador
, - Virgula
a - Identificador
) - Parenteses
; - Ponto e virgula
if - Comando
a - Identificador
< - Relacao
x - Identificador
+ - Operador unario
c - Identificador
then - Identificador
begin - Begin
a - Identificador
: - Dois pontos
= - Atribuicao
c - Identificador
+ - Operador unario
x - Identificador
; - Ponto e virgula
write - Comando
( - Parenteses
a - Identificador
) - Parenteses
; - Ponto e virgula
end - End
else - Else
c - Identificador
: - Dois pontos
= - Atribuicao
a - Identificador
+ - Operador unario
x - Identificador
; - Ponto e virgula
end - End
; - Ponto e virgula
begin - Begin
{ - Chaves
ATENÇÃO! Pode haver erros de digitação - programa - Identificador
principal - Identificador
} - Chaves
read - Comando
( - Parenteses
b - Identificador
) - Parenteses
; - Ponto e virgula
nomep - Identificador
( - Parenteses
b - Identificador
) - Parenteses
; - Ponto e virgula
end - End
